<?xml version="1.0" encoding="UTF-8"?>
<testsuite xmlns:xsi="http://www.w3.org/2001/XMLSchema-instance" xsi:noNamespaceSchemaLocation="https://maven.apache.org/surefire/maven-surefire-plugin/xsd/surefire-test-report-3.0.xsd" version="3.0" name="com.virtual.threads.controller.UserControllerTest" time="4.448" tests="4" errors="0" skipped="0" failures="0">
  <properties>
[...]
</properties>
  <testcase name="testCreateUserThenReturnBadRequest" classname="com.virtual.threads.controller.UserControllerTest" time="0.126">
    <system-out><![CDATA[18:25:33.592 [main] INFO org.springframework.test.context.support.AnnotationConfigContextLoaderUtils -- Could not detect default configuration classes for test class [com.virtual.threads.controller.UserControllerTest]: UserControllerTest does not declare any static, non-private, non-final, nested classes annotated with @Configuration.
18:25:33.684 [main] INFO org.springframework.boot.test.context.SpringBootTestContextBootstrapper -- Found @SpringBootConfiguration com.virtual.threads.MainApplication for test class com.virtual.threads.controller.UserControllerTest

  .   ____          _            __ _ _
 /\\ / ___'_ __ _ _(_)_ __  __ _ \ \ \ \
( ( )\___ | '_ | '_| | '_ \/ _` | \ \ \ \
 \\/  ___)| |_)| | | | | || (_| |  ) ) ) )
  '  |____| .__|_| |_|_| |_\__, | / / / /
 =========|_|==============|___/=/_/_/_/

 :: Spring Boot ::       (v3.4.7-SNAPSHOT)

2025-07-11T18:25:33.956+08:00  INFO 5121 --- [demo] [           main] c.v.t.controller.UserControllerTest      : Starting UserControllerTest using Java 21.0.7 with PID 5121 (started by johnbrixpomoy in /Users/johnbrixpomoy/Documents/Github/spring-boot-virtual-threads-boilerplate)
2025-07-11T18:25:33.957+08:00  INFO 5121 --- [demo] [           main] c.v.t.controller.UserControllerTest      : The following 1 profile is active: "local"
2025-07-11T18:25:34.417+08:00  INFO 5121 --- [demo] [           main] .s.d.r.c.RepositoryConfigurationDelegate : Bootstrapping Spring Data JPA repositories in DEFAULT mode.
2025-07-11T18:25:34.450+08:00  INFO 5121 --- [demo] [           main] .s.d.r.c.RepositoryConfigurationDelegate : Finished Spring Data repository scanning in 28 ms. Found 4 JPA repository interfaces.
2025-07-11T18:25:35.546+08:00  INFO 5121 --- [demo] [           main] o.hibernate.jpa.internal.util.LogHelper  : HHH000204: Processing PersistenceUnitInfo [name: default]
2025-07-11T18:25:35.667+08:00  INFO 5121 --- [demo] [           main] org.hibernate.Version                    : HHH000412: Hibernate ORM core version 6.6.18.Final
2025-07-11T18:25:35.738+08:00  INFO 5121 --- [demo] [           main] o.h.c.internal.RegionFactoryInitiator    : HHH000026: Second-level cache disabled
2025-07-11T18:25:35.942+08:00  INFO 5121 --- [demo] [           main] o.s.o.j.p.SpringPersistenceUnitInfo      : No LoadTimeWeaver setup: ignoring JPA class transformer
2025-07-11T18:25:35.989+08:00  INFO 5121 --- [demo] [           main] com.zaxxer.hikari.HikariDataSource       : HikariPool-1 - Starting...
2025-07-11T18:25:36.304+08:00  INFO 5121 --- [demo] [           main] com.zaxxer.hikari.pool.HikariPool        : HikariPool-1 - Added connection com.mysql.cj.jdbc.ConnectionImpl@50357562
2025-07-11T18:25:36.305+08:00  INFO 5121 --- [demo] [           main] com.zaxxer.hikari.HikariDataSource       : HikariPool-1 - Start completed.
2025-07-11T18:25:36.328+08:00  WARN 5121 --- [demo] [           main] org.hibernate.orm.deprecation            : HHH90000025: MySQL8Dialect does not need to be specified explicitly using 'hibernate.dialect' (remove the property setting and it will be selected by default)
2025-07-11T18:25:36.329+08:00  WARN 5121 --- [demo] [           main] org.hibernate.orm.deprecation            : HHH90000026: MySQL8Dialect has been deprecated; use org.hibernate.dialect.MySQLDialect instead
2025-07-11T18:25:36.341+08:00  INFO 5121 --- [demo] [           main] org.hibernate.orm.connections.pooling    : HHH10001005: Database info:
	Database JDBC URL [Connecting through datasource 'HikariDataSource (HikariPool-1)']
	Database driver: undefined/unknown
	Database version: 8.0
	Autocommit mode: undefined/unknown
	Isolation level: undefined/unknown
	Minimum pool size: undefined/unknown
	Maximum pool size: undefined/unknown
2025-07-11T18:25:36.957+08:00  INFO 5121 --- [demo] [           main] o.h.e.t.j.p.i.JtaPlatformInitiator       : HHH000489: No JTA platform available (set 'hibernate.transaction.jta.platform' to enable JTA platform integration)
2025-07-11T18:25:36.958+08:00  INFO 5121 --- [demo] [           main] j.LocalContainerEntityManagerFactoryBean : Initialized JPA EntityManagerFactory for persistence unit 'default'
2025-07-11T18:25:37.258+08:00  WARN 5121 --- [demo] [           main] JpaBaseConfiguration$JpaWebConfiguration : spring.jpa.open-in-view is enabled by default. Therefore, database queries may be performed during view rendering. Explicitly configure spring.jpa.open-in-view to disable this warning
2025-07-11T18:25:37.280+08:00  WARN 5121 --- [demo] [           main] .s.s.UserDetailsServiceAutoConfiguration : 

Using generated security password: ea9745ed-5051-497a-86b4-d58f85ad4965

This generated password is for development use only. Your security configuration must be updated before running your application in production.

2025-07-11T18:25:37.285+08:00  INFO 5121 --- [demo] [           main] r$InitializeUserDetailsManagerConfigurer : Global AuthenticationManager configured with UserDetailsService bean with name inMemoryUserDetailsManager
2025-07-11T18:25:37.478+08:00  INFO 5121 --- [demo] [           main] o.s.b.a.e.web.EndpointLinksResolver      : Exposing 2 endpoints beneath base path '/actuator'
2025-07-11T18:25:37.716+08:00  INFO 5121 --- [demo] [           main] o.s.b.t.m.w.SpringBootMockServletContext : Initializing Spring TestDispatcherServlet ''
2025-07-11T18:25:37.716+08:00  INFO 5121 --- [demo] [           main] o.s.t.web.servlet.TestDispatcherServlet  : Initializing Servlet ''
2025-07-11T18:25:37.716+08:00  INFO 5121 --- [demo] [           main] o.s.t.web.servlet.TestDispatcherServlet  : Completed initialization in 0 ms
2025-07-11T18:25:37.753+08:00  INFO 5121 --- [demo] [           main] c.v.t.controller.UserControllerTest      : Started UserControllerTest in 3.956 seconds (process running for 4.618)
2025-07-11T18:25:37.899+08:00  INFO 5121 --- [demo] [           main] c.v.threads.controller.UserController    : HTTP_REQUEST HttpUserRequest(username=foo, password=bar)
]]></system-out>
    <system-err><![CDATA[Mockito is currently self-attaching to enable the inline-mock-maker. This will no longer work in future releases of the JDK. Please add Mockito as an agent to your build what is described in Mockito's documentation: https://javadoc.io/doc/org.mockito/mockito-core/latest/org/mockito/Mockito.html#0.3
WARNING: A Java agent has been loaded dynamically (/Users/johnbrixpomoy/.m2/repository/net/bytebuddy/byte-buddy-agent/1.15.11/byte-buddy-agent-1.15.11.jar)
WARNING: If a serviceability tool is in use, please run with -XX:+EnableDynamicAgentLoading to hide this warning
WARNING: If a serviceability tool is not in use, please run with -Djdk.instrument.traceUsage for more information
WARNING: Dynamic loading of agents will be disallowed by default in a future release
]]></system-err>
  </testcase>
  <testcase name="testCreateUserThenThrowIllegalArgumentException" classname="com.virtual.threads.controller.UserControllerTest" time="0.007">
    <system-out><![CDATA[2025-07-11T18:25:37.922+08:00  INFO 5121 --- [demo] [           main] c.v.threads.controller.UserController    : HTTP_REQUEST HttpUserRequest(username=foo, password=bar)
2025-07-11T18:25:37.922+08:00 ERROR 5121 --- [demo] [           main] c.v.threads.controller.UserController    : ERROR: UNEXPECTED_ERROR
]]></system-out>
  </testcase>
  <testcase name="testCreateUser" classname="com.virtual.threads.controller.UserControllerTest" time="0.01">
    <system-out><![CDATA[2025-07-11T18:25:37.928+08:00  INFO 5121 --- [demo] [           main] c.v.threads.controller.UserController    : HTTP_REQUEST HttpUserRequest(username=foo, password=bar)
2025-07-11T18:25:37.928+08:00  INFO 5121 --- [demo] [           main] c.v.threads.controller.UserController    : HTTP_RESPONSE HttpUserResponse(result=Result(resultCode=0, resultMessage=SUCCESS, resultDescription=The user has been registered successfully., resulStatus=true))
]]></system-out>
  </testcase>
  <testcase name="testCreateUserThenThrowException" classname="com.virtual.threads.controller.UserControllerTest" time="0.005">
    <system-out><![CDATA[2025-07-11T18:25:37.938+08:00  INFO 5121 --- [demo] [           main] c.v.threads.controller.UserController    : HTTP_REQUEST HttpUserRequest(username=foo, password=bar)
2025-07-11T18:25:37.938+08:00 ERROR 5121 --- [demo] [           main] c.v.threads.controller.UserController    : ERROR: UNEXPECTED_ERROR
]]></system-out>
  </testcase>
</testsuite>