<?xml version="1.0" encoding="UTF-8"?>
<testsuite xmlns:xsi="http://www.w3.org/2001/XMLSchema-instance" xsi:noNamespaceSchemaLocation="https://maven.apache.org/surefire/maven-surefire-plugin/xsd/surefire-test-report-3.0.xsd" version="3.0" name="com.virtual.threads.controller.ProductControllerTest" time="0.638" tests="3" errors="0" skipped="0" failures="0">
  <properties>
[...]
</properties>
  <testcase name="testKyc" classname="com.virtual.threads.controller.ProductControllerTest" time="0.094">
    <system-out><![CDATA[2025-07-14T23:12:03.101+08:00  INFO 15686 --- [demo] [           main] t.c.s.AnnotationConfigContextLoaderUtils : Could not detect default configuration classes for test class [com.virtual.threads.controller.ProductControllerTest]: ProductControllerTest does not declare any static, non-private, non-final, nested classes annotated with @Configuration.
2025-07-14T23:12:03.103+08:00  INFO 15686 --- [demo] [           main] .b.t.c.SpringBootTestContextBootstrapper : Found @SpringBootConfiguration com.virtual.threads.MainApplication for test class com.virtual.threads.controller.ProductControllerTest

  .   ____          _            __ _ _
 /\\ / ___'_ __ _ _(_)_ __  __ _ \ \ \ \
( ( )\___ | '_ | '_| | '_ \/ _` | \ \ \ \
 \\/  ___)| |_)| | | | | || (_| |  ) ) ) )
  '  |____| .__|_| |_|_| |_\__, | / / / /
 =========|_|==============|___/=/_/_/_/

 :: Spring Boot ::       (v3.4.7-SNAPSHOT)

2025-07-14T23:12:03.114+08:00  INFO 15686 --- [demo] [           main] c.v.t.controller.ProductControllerTest   : Starting ProductControllerTest using Java 21.0.7 with PID 15686 (started by johnbrixpomoy in /Users/johnbrixpomoy/Documents/Github/spring-boot-virtual-threads-boilerplate)
2025-07-14T23:12:03.114+08:00  INFO 15686 --- [demo] [           main] c.v.t.controller.ProductControllerTest   : The following 1 profile is active: "local"
2025-07-14T23:12:03.218+08:00  INFO 15686 --- [demo] [           main] .s.d.r.c.RepositoryConfigurationDelegate : Bootstrapping Spring Data JPA repositories in DEFAULT mode.
2025-07-14T23:12:03.225+08:00  INFO 15686 --- [demo] [           main] .s.d.r.c.RepositoryConfigurationDelegate : Finished Spring Data repository scanning in 5 ms. Found 4 JPA repository interfaces.
2025-07-14T23:12:03.344+08:00  INFO 15686 --- [demo] [           main] o.hibernate.jpa.internal.util.LogHelper  : HHH000204: Processing PersistenceUnitInfo [name: default]
2025-07-14T23:12:03.345+08:00  INFO 15686 --- [demo] [           main] o.h.c.internal.RegionFactoryInitiator    : HHH000026: Second-level cache disabled
2025-07-14T23:12:03.350+08:00  INFO 15686 --- [demo] [           main] o.s.o.j.p.SpringPersistenceUnitInfo      : No LoadTimeWeaver setup: ignoring JPA class transformer
2025-07-14T23:12:03.350+08:00  INFO 15686 --- [demo] [           main] com.zaxxer.hikari.HikariDataSource       : HikariPool-2 - Starting...
2025-07-14T23:12:03.353+08:00  INFO 15686 --- [demo] [           main] com.zaxxer.hikari.pool.HikariPool        : HikariPool-2 - Added connection com.mysql.cj.jdbc.ConnectionImpl@5ba8a528
2025-07-14T23:12:03.353+08:00  INFO 15686 --- [demo] [           main] com.zaxxer.hikari.HikariDataSource       : HikariPool-2 - Start completed.
2025-07-14T23:12:03.353+08:00  WARN 15686 --- [demo] [           main] org.hibernate.orm.deprecation            : HHH90000025: MySQL8Dialect does not need to be specified explicitly using 'hibernate.dialect' (remove the property setting and it will be selected by default)
2025-07-14T23:12:03.354+08:00  WARN 15686 --- [demo] [           main] org.hibernate.orm.deprecation            : HHH90000026: MySQL8Dialect has been deprecated; use org.hibernate.dialect.MySQLDialect instead
2025-07-14T23:12:03.354+08:00  INFO 15686 --- [demo] [           main] org.hibernate.orm.connections.pooling    : HHH10001005: Database info:
	Database JDBC URL [Connecting through datasource 'HikariDataSource (HikariPool-2)']
	Database driver: undefined/unknown
	Database version: 8.0
	Autocommit mode: undefined/unknown
	Isolation level: undefined/unknown
	Minimum pool size: undefined/unknown
	Maximum pool size: undefined/unknown
2025-07-14T23:12:03.464+08:00  INFO 15686 --- [demo] [           main] o.h.e.t.j.p.i.JtaPlatformInitiator       : HHH000489: No JTA platform available (set 'hibernate.transaction.jta.platform' to enable JTA platform integration)
2025-07-14T23:12:03.464+08:00  INFO 15686 --- [demo] [           main] j.LocalContainerEntityManagerFactoryBean : Initialized JPA EntityManagerFactory for persistence unit 'default'
2025-07-14T23:12:03.485+08:00  WARN 15686 --- [demo] [           main] JpaBaseConfiguration$JpaWebConfiguration : spring.jpa.open-in-view is enabled by default. Therefore, database queries may be performed during view rendering. Explicitly configure spring.jpa.open-in-view to disable this warning
2025-07-14T23:12:03.491+08:00  WARN 15686 --- [demo] [           main] .s.s.UserDetailsServiceAutoConfiguration : 

Using generated security password: f5a8a948-9188-4211-86bc-e9186808f33d

This generated password is for development use only. Your security configuration must be updated before running your application in production.

2025-07-14T23:12:03.492+08:00  INFO 15686 --- [demo] [           main] r$InitializeUserDetailsManagerConfigurer : Global AuthenticationManager configured with UserDetailsService bean with name inMemoryUserDetailsManager
2025-07-14T23:12:03.540+08:00  INFO 15686 --- [demo] [           main] o.s.b.a.e.web.EndpointLinksResolver      : Exposing 2 endpoints beneath base path '/actuator'
2025-07-14T23:12:03.599+08:00  INFO 15686 --- [demo] [           main] o.s.b.t.m.w.SpringBootMockServletContext : Initializing Spring TestDispatcherServlet ''
2025-07-14T23:12:03.599+08:00  INFO 15686 --- [demo] [           main] o.s.t.web.servlet.TestDispatcherServlet  : Initializing Servlet ''
2025-07-14T23:12:03.600+08:00  INFO 15686 --- [demo] [           main] o.s.t.web.servlet.TestDispatcherServlet  : Completed initialization in 1 ms
2025-07-14T23:12:03.609+08:00  INFO 15686 --- [demo] [           main] c.v.t.controller.ProductControllerTest   : Started ProductControllerTest in 0.505 seconds (process running for 5.177)
2025-07-14T23:12:03.686+08:00  INFO 15686 --- [demo] [           main] c.v.t.controller.ProductController       : HttpUserRequest: HttpUserRequest(username=foo, password=bar)
2025-07-14T23:12:03.688+08:00  INFO 15686 --- [demo] [           main] c.v.t.controller.ProductController       : HttpKycResponse: HttpKycResponse(description=sample, message=sample, status=null, isSuccess=true)
]]></system-out>
  </testcase>
  <testcase name="testCreateProduct" classname="com.virtual.threads.controller.ProductControllerTest" time="0.019">
    <system-out><![CDATA[2025-07-14T23:12:03.715+08:00  INFO 15686 --- [demo] [           main] c.v.t.controller.ProductController       : HttpProductRequest: HttpProductRequest(productId=1, userId=1, posTerminalId=null, name=foo, price=120.2, stock=1)
2025-07-14T23:12:03.716+08:00  INFO 15686 --- [demo] [           main] c.v.t.controller.ProductController       : HttpProductResponse: HttpProductResponse(result=Result(resultCode=0, resultMessage=SUCCESS, resultDescription=The product has been added successfully., resulStatus=true))
]]></system-out>
  </testcase>
  <testcase name="testKycThenReturnException" classname="com.virtual.threads.controller.ProductControllerTest" time="0.013">
    <system-out><![CDATA[2025-07-14T23:12:03.728+08:00  INFO 15686 --- [demo] [           main] c.v.t.controller.ProductController       : HttpUserRequest: HttpUserRequest(username=foo, password=bar)
2025-07-14T23:12:03.729+08:00 ERROR 15686 --- [demo] [           main] c.v.t.advice.GlobalExceptionHandler      : ERROR: UPSTREAM_ERROR
]]></system-out>
  </testcase>
</testsuite>