<?xml version="1.0" encoding="UTF-8"?>
<testsuite xmlns:xsi="http://www.w3.org/2001/XMLSchema-instance" xsi:noNamespaceSchemaLocation="https://maven.apache.org/surefire/maven-surefire-plugin/xsd/surefire-test-report-3.0.xsd" version="3.0" name="com.virtual.threads.service.ProductServiceImplTest" time="0.226" tests="2" errors="0" skipped="0" failures="0">
  <properties>
[...]
</properties>
  <testcase name="testAddProduct" classname="com.virtual.threads.service.ProductServiceImplTest" time="0.223">
    <system-out><![CDATA[2025-07-14T23:12:03.961+08:00  INFO 15686 --- [demo] [           main] c.v.t.service.impl.ProductServiceImpl    : Product Entity: Product(id=1, name=foo, price=150.5, posTerminal=null, createdAt=2025-07-14T23:12:03.956999)
]]></system-out>
  </testcase>
  <testcase name="testAddProductThenReturnUserIdNotFound" classname="com.virtual.threads.service.ProductServiceImplTest" time="0.003">
    <system-out><![CDATA[2025-07-14T23:12:03.966+08:00  INFO 15686 --- [demo] [           main] c.v.t.service.impl.ProductServiceImpl    : Product Entity: Product(id=1, name=foo, price=150.5, posTerminal=null, createdAt=2025-07-14T23:12:03.965652)
]]></system-out>
  </testcase>
</testsuite>